<?xml version='1.0' encoding='UTF-8'?>
<testsuite hostname="Lassi" name="reactor.ReactorSemanticsTest" tests="6" errors="0" failures="0" skipped="0" time="0.092" timestamp="2022-08-02T14:35:27">
          <properties>
      <property name="java.specification.version" value="17"/><property name="sun.cpu.isalist" value="amd64"/><property name="sun.jnu.encoding" value="Cp1252"/><property name="sun.arch.data.model" value="64"/><property name="java.vendor.url" value="https://adoptium.net/"/><property name="sun.boot.library.path" value="C:\Program Files\Eclipse Adoptium\jdk-17.0.1.12-hotspot\bin"/><property name="sun.java.command" value="xsbt.boot.Boot test"/><property name="jdk.debug" value="release"/><property name="sun.stderr.encoding" value="cp850"/><property name="java.specification.vendor" value="Oracle Corporation"/><property name="java.version.date" value="2021-10-19"/><property name="java.home" value="C:\Program Files\Eclipse Adoptium\jdk-17.0.1.12-hotspot"/><property name="file.separator" value="\"/><property name="java.vm.compressedOopsMode" value="32-bit"/><property name="line.separator" value="
"/><property name="sun.stdout.encoding" value="cp850"/><property name="java.vm.specification.vendor" value="Oracle Corporation"/><property name="java.specification.name" value="Java Platform API Specification"/><property name="user.script" value=""/><property name="sun.management.compiler" value="HotSpot 64-Bit Tiered Compilers"/><property name="java.runtime.version" value="17.0.1+12"/><property name="user.name" value="Lassi"/><property name="log4j.ignoreTCL" value="true"/><property name="file.encoding" value="UTF-8"/><property name="jnidispatch.path" value="C:\Users\Lassi\AppData\Local\Temp\jna-73191508\jna12371952231118815518.dll"/><property name="java.vendor.version" value="Temurin-17.0.1+12"/><property name="jna.loaded" value="true"/><property name="java.io.tmpdir" value="C:\Users\Lassi\AppData\Local\Temp\"/><property name="java.version" value="17.0.1"/><property name="java.vm.specification.name" value="Java Virtual Machine Specification"/><property name="sun.os.patch.level" value=""/><property name="native.encoding" value="Cp1252"/><property name="java.library.path" value="C:\Program Files\Eclipse Adoptium\jdk-17.0.1.12-hotspot\bin;C:\WINDOWS\Sun\Java\bin;C:\WINDOWS\system32;C:\WINDOWS;C:\Program Files\Eclipse Adoptium\jdk-17.0.1.12-hotspot\bin;C:\Program Files\Eclipse Adoptium\jdk-17.0.1.12-hotspot\bin;C:\Program Files\Eclipse Foundation\jdk-11.0.12.7-hotspot\bin;C:\Program Files\Python39\Scripts\;C:\Program Files\Python39\;C:\Program Files (x86)\Common Files\Oracle\Java\javapath;C:\Python38\Scripts\;C:\Python38\;C:\Program Files (x86)\Common Files\Intel\Shared Libraries\redist\intel64_win\compiler;C:\Program Files (x86)\Common Files\Intel\Shared Libraries\redist\intel64\compiler;C:\WINDOWS\system32;C:\WINDOWS;C:\WINDOWS\System32\Wbem;C:\WINDOWS\System32\WindowsPowerShell\v1.0\;C:\WINDOWS\System32\OpenSSH\;C:\Program Files\Git\cmd;C:\Program Files\nodejs\;C:\ProgramData\chocolatey\bin;C:\Program Files (x86)\GtkSharp\2.12\bin;C:\Program Files\MATLAB\R2021a\bin;C:\Program Files (x86)\sbt\bin;C:\msys64\mingw64\bin;C:\Program Files (x86)\Calibre2\;C:\Users\Lassi\AppData\Local\Microsoft\WindowsApps;C:\Users\Lassi\AppData\Local\atom\bin;C:\Users\Lassi\AppData\Roaming\npm;C:\Users\Lassi\AppData\Local\Microsoft\WindowsApps;C:\Users\Lassi\AppData\Local\Programs\Microsoft VS Code\bin;C:\Users\Lassi\AppData\Local\Programs\mongosh\;C:\Users\Lassi\AppData\Local\Programs\MiKTeX\miktex\bin\x64\;C:\Users\Lassi\AppData\Local\GitHubDesktop\bin;C:\Program Files (x86)\GitHub CLI\;."/><property name="java.vendor" value="Eclipse Adoptium"/><property name="scala.ext.dirs" value="C:\Users\Lassi\.sbt\1.0\java9-rt-ext-eclipse_adoptium_17_0_1"/><property name="sun.io.unicode.encoding" value="UnicodeLittle"/><property name="java.class.path" value="C:\Program Files (x86)\sbt\\bin\sbt-launch.jar"/><property name="java.vm.vendor" value="Eclipse Adoptium"/><property name="user.variant" value=""/><property name="jline.shutdownhook" value="false"/><property name="user.timezone" value="Europe/Berlin"/><property name="java.vm.specification.version" value="17"/><property name="os.name" value="Windows 10"/><property name="sun.java.launcher" value="SUN_STANDARD"/><property name="user.country" value="DE"/><property name="sun.cpu.endian" value="little"/><property name="user.home" value="C:\Users\Lassi"/><property name="user.language" value="de"/><property name="swoval.tmpdir" value="C:\Users\Lassi\.sbt\1.0"/><property name="jline.esc.timeout" value="0"/><property name="path.separator" value=";"/><property name="os.version" value="10.0"/><property name="jna.nosys" value="true"/><property name="java.runtime.name" value="OpenJDK Runtime Environment"/><property name="java.vm.name" value="OpenJDK 64-Bit Server VM"/><property name="java.vendor.url.bug" value="https://github.com/adoptium/adoptium-support/issues"/><property name="user.dir" value="C:\Users\Lassi\Documents\GitHub\Concurrent-Hangman"/><property name="os.arch" value="amd64"/><property name="java.vm.info" value="mixed mode, sharing"/><property name="java.vm.version" value="17.0.1+12"/><property name="java.class.version" value="61.0"/>
    </properties>
          <testcase classname="reactor.ReactorSemanticsTest" name="the dispatcher is created and destroyed without hanging" time="0.03">
                      
                    </testcase><testcase classname="reactor.ReactorSemanticsTest" name="handleEvents with no handlers returns immediately" time="0.001">
                      
                    </testcase><testcase classname="reactor.ReactorSemanticsTest" name="the dispatcher works for one handler" time="0.025">
                      
                    </testcase><testcase classname="reactor.ReactorSemanticsTest" name="the dispatcher works for multiple handlers without mangling events" time="0.007">
                      
                    </testcase><testcase classname="reactor.ReactorSemanticsTest" name="a dispatcher with a small queue works for multiple handlers" time="0.026">
                      
                    </testcase><testcase classname="reactor.ReactorSemanticsTest" name="two distinct dispatchers are independent" time="0.003">
                      
                    </testcase>
          <system-out><![CDATA[]]></system-out>
          <system-err><![CDATA[]]></system-err>
        </testsuite>